<?xml version="1.0" encoding="UTF-8"?>
<!-- Generated by org.testng.reporters.JUnitReportReporter -->
<testsuite hostname="PSDLAP349" failures="0" tests="5" name="test.AboutUsTabTest" time="136.916" errors="0" timestamp="2025-02-17T22:39:14 IST" skipped="0">
  <testcase classname="test.AboutUsTabTest" name="Validate_About_Us_Button_Click_TC_001" time="30.966"/>
  <testcase classname="test.AboutUsTabTest" name="Validate_Search_feature_TC_002" time="25.994"/>
  <testcase classname="test.AboutUsTabTest" name="Validate_first_JOIN_US_button_click_TC_003" time="30.634"/>
  <testcase classname="test.AboutUsTabTest" name="Validate_second_JOIN_US_button_click_TC_003" time="29.800"/>
  <testcase classname="test.AboutUsTabTest" name="Verify_Nav_bar_content_change_on_scroll_down_TC_005" time="19.522"/>
</testsuite> <!-- test.AboutUsTabTest -->
