<?xml version="1.0" encoding="UTF-8"?>
<!-- Generated by org.testng.reporters.JUnitReportReporter -->
<testsuite hostname="PSDLAP349" failures="0" tests="1" name="test.AboutUsTabTest" time="18.405" errors="0" timestamp="2025-02-18T13:43:18 IST" skipped="0">
  <testcase classname="test.AboutUsTabTest" name="Validate_About_Us_Button_Click_TC_001" time="18.405"/>
</testsuite> <!-- test.AboutUsTabTest -->
