<?xml version="1.0" encoding="UTF-8"?>
<!-- Generated by org.testng.reporters.JUnitReportReporter -->
<testsuite hostname="PSDLAP349" failures="0" tests="1" name="test.AboutUsTabTest" time="29.692" errors="0" timestamp="2025-03-08T09:07:24 IST" skipped="0">
  <testcase classname="test.AboutUsTabTest" name="Validate_About_Us_Button_Click_TC_001" time="29.692"/>
</testsuite> <!-- test.AboutUsTabTest -->
