<?xml version="1.0" encoding="UTF-8"?>
<!-- Generated by org.testng.reporters.JUnitReportReporter -->
<testsuite hostname="PSDLAP349" failures="0" tests="6" name="test.ContactUsTabTest" time="151.742" errors="0" timestamp="2025-02-21T16:21:29 IST" skipped="0">
  <testcase classname="test.ContactUsTabTest" name="Validate_ContactUs_Button_Click_TC_001" time="18.680"/>
  <testcase classname="test.ContactUsTabTest" name="Validate_Form_TC_002" time="25.239"/>
  <testcase classname="test.ContactUsTabTest" name="Validate_JOIN_US_Button_click_TC_003" time="28.031"/>
  <testcase classname="test.ContactUsTabTest" name="Validate_SMS_OUTREACH_Button_click_TC_004" time="25.878"/>
  <testcase classname="test.ContactUsTabTest" name="Validate_SMS_OUTREACH_functionality_click_TC_005" time="30.394"/>
  <testcase classname="test.ContactUsTabTest" name="Validate_LINKEDIN_Button_click_TC_006" time="23.520"/>
</testsuite> <!-- test.ContactUsTabTest -->
