<?xml version="1.0" encoding="UTF-8"?>
<!-- Generated by org.testng.reporters.JUnitReportReporter -->
<testsuite hostname="PSDLAP349" failures="0" tests="1" name="test.AboutUsTabTest" time="23.700" errors="0" timestamp="2025-02-17T21:42:30 IST" skipped="0">
  <testcase classname="test.AboutUsTabTest" name="Validate_LINKED_IN_ICON_button_click_TC_010" time="23.700"/>
</testsuite> <!-- test.AboutUsTabTest -->
